<?xml version="1.0" encoding="UTF-8"?>
<testsuite name="Matrix" tests="4" skipped="0" failures="0" errors="0" timestamp="2023-12-19T20:29:49" hostname="DESKTOP-5TTPOT1" time="0.576">
  <properties/>
  <testcase name="Determinant" classname="Matrix" time="0.552"/>
  <testcase name="Transpose" classname="Matrix" time="0.009"/>
  <testcase name="Inverse" classname="Matrix" time="0.008"/>
  <testcase name="Cofactor" classname="Matrix" time="0.007"/>
  <system-out><![CDATA[]]></system-out>
  <system-err><![CDATA[]]></system-err>
</testsuite>
